        Placement Information by Vertex
        ===============================

Generated: Wed Jun 22 15:21:50 2016 for target machine '192.168.240.253'

**** Vertex: 'LiveSpikeReceiver'
Model: live packet gather
Pop size: 1
Sub-vertices: 
  Slice 0:0 (1 atoms) 

**** Vertex: 'pop_one'
Model: <bound method IFCurrExp.model_name of pop_one with 100 atoms>
Pop size: 100
Sub-vertices: 
  Slice 0:99 (100 atoms) 

**** Vertex: 'pop_two'
Model: <bound method IFCurrExp.model_name of pop_two with 100 atoms>
Pop size: 100
Sub-vertices: 
  Slice 0:99 (100 atoms) 

**** Vertex: 'spike_injector_one'
Model: ReverseIpTagMultiCastSource
Pop size: 100
Sub-vertices: 
  Slice 0:99 (100 atoms) 

**** Vertex: 'spike_injector_two'
Model: ReverseIpTagMultiCastSource
Pop size: 100
Sub-vertices: 
  Slice 0:99 (100 atoms) 

