        Placement Information by Core
        =============================

Generated: Wed Jun 22 15:21:50 2016 for target machine '192.168.240.253'

**** Chip: (0, 0)
Application cores: 18
  Processor 1: Vertex: 'spike_injector_one', pop size: 100
              Slice on this core: 0:99 (100 atoms)
              Model: ReverseIpTagMultiCastSource


  Processor 2: Vertex: 'spike_injector_two', pop size: 100
              Slice on this core: 0:99 (100 atoms)
              Model: ReverseIpTagMultiCastSource


  Processor 3: Vertex: 'LiveSpikeReceiver', pop size: 1
              Slice on this core: 0:0 (1 atoms)
              Model: live packet gather


  Processor 4: Vertex: 'pop_one', pop size: 100
              Slice on this core: 0:99 (100 atoms)
              Model: <bound method IFCurrExp.model_name of pop_one with 100 atoms>


  Processor 5: Vertex: 'pop_two', pop size: 100
              Slice on this core: 0:99 (100 atoms)
              Model: <bound method IFCurrExp.model_name of pop_two with 100 atoms>


