Router contains 41 entries
Index Key        Mask       Route      Default [Cores][Links]
----- ---------- ---------- ---------- ------- --------------
    0 0x00000E00 0xFFFFFF00 0x00000100 False   [2] []
    1 0x00001800 0xFFFFFF00 0x00000100 False   [2] []
    2 0x00001F00 0xFFFFFF00 0x00000100 False   [2] []
    3 0x00001300 0xFFFFFF00 0x00000100 False   [2] []
    4 0x00000000 0xFFFFFF00 0x00000100 False   [2] []
    5 0x00001000 0xFFFFFF00 0x00000100 False   [2] []
    6 0x00000100 0xFFFFFF00 0x00000100 False   [2] []
    7 0x00002700 0xFFFFFFC0 0x00000100 False   [2] []
    8 0x00001100 0xFFFFFF00 0x00000100 False   [2] []
    9 0x00001E00 0xFFFFFF00 0x00000100 False   [2] []
   10 0x00000200 0xFFFFFF00 0x00000100 False   [2] []
   11 0x00001200 0xFFFFFF00 0x00000100 False   [2] []
   12 0x00001600 0xFFFFFF00 0x00000100 False   [2] []
   13 0x00000300 0xFFFFFF00 0x00000100 False   [2] []
   14 0x00002300 0xFFFFFF00 0x00000100 False   [2] []
   15 0x00002100 0xFFFFFF00 0x00000100 False   [2] []
   16 0x00000400 0xFFFFFF00 0x00000100 False   [2] []
   17 0x00001400 0xFFFFFF00 0x00000100 False   [2] []
   18 0x00000500 0xFFFFFF00 0x00000100 False   [2] []
   19 0x00001500 0xFFFFFF00 0x00000100 False   [2] []
   20 0x00002400 0xFFFFFF00 0x00000100 False   [2] []
   21 0x00000600 0xFFFFFF00 0x00000100 False   [2] []
   22 0x00002600 0xFFFFFF00 0x00000100 False   [2] []
   23 0x00000700 0xFFFFFF00 0x00000100 False   [2] []
   24 0x00001700 0xFFFFFF00 0x00000100 False   [2] []
   25 0x00000F00 0xFFFFFF00 0x00000100 False   [2] []
   26 0x00000800 0xFFFFFF00 0x00000100 False   [2] []
   27 0x00070000 0xFFFFC000 0x007FFE01 False   [3, 4, 5, 6, 7, 8, 9, 10, 11, 12, 13, 14, 15, 16] [E]
   28 0x00000900 0xFFFFFF00 0x00000100 False   [2] []
   29 0x00001900 0xFFFFFF00 0x00000100 False   [2] []
   30 0x00002200 0xFFFFFF00 0x00000100 False   [2] []
   31 0x00000A00 0xFFFFFF00 0x00000100 False   [2] []
   32 0x00001A00 0xFFFFFF00 0x00000100 False   [2] []
   33 0x00000B00 0xFFFFFF00 0x00000100 False   [2] []
   34 0x00001B00 0xFFFFFF00 0x00000100 False   [2] []
   35 0x00002500 0xFFFFFF00 0x00000100 False   [2] []
   36 0x00000C00 0xFFFFFF00 0x00000100 False   [2] []
   37 0x00001C00 0xFFFFFF00 0x00000100 False   [2] []
   38 0x00000D00 0xFFFFFF00 0x00000100 False   [2] []
   39 0x00001D00 0xFFFFFF00 0x00000100 False   [2] []
   40 0x00002000 0xFFFFFF00 0x00000100 False   [2] []
0 Defaultable entries
