Router contains 17 entries
Index Key        Mask       Route      Default [Cores][Links]
----- ---------- ---------- ---------- ------- --------------
    0 0x00001B00 0xFFFFFF00 0x00000008 False   [] [W]
    1 0x00000E00 0xFFFFFF00 0x00000008 False   [] [W]
    2 0x00001400 0xFFFFFF00 0x00000008 False   [] [W]
    3 0x00001200 0xFFFFFF00 0x00000008 False   [] [W]
    4 0x00001A00 0xFFFFFF00 0x00000008 False   [] [W]
    5 0x00001600 0xFFFFFF00 0x00000008 False   [] [W]
    6 0x00000F00 0xFFFFFF00 0x00000008 False   [] [W]
    7 0x00001900 0xFFFFFF00 0x00000008 False   [] [W]
    8 0x00001C00 0xFFFFFF00 0x00000008 False   [] [W]
    9 0x00001300 0xFFFFFF00 0x00000008 False   [] [W]
   10 0x00001100 0xFFFFFF00 0x00000008 False   [] [W]
   11 0x00070000 0xFFFFC000 0x007FFF84 False   [1, 2, 3, 4, 5, 6, 7, 8, 9, 10, 11, 12, 13, 14, 15, 16] [N]
   12 0x00001700 0xFFFFFF00 0x00000008 False   [] [W]
   13 0x00001D00 0xFFFFFF00 0x00000008 False   [] [W]
   14 0x00001800 0xFFFFFF00 0x00000008 False   [] [W]
   15 0x00001500 0xFFFFFF00 0x00000008 False   [] [W]
   16 0x00001000 0xFFFFFF00 0x00000008 False   [] [W]
0 Defaultable entries
